[debug] [2018-09-23T09:46:22.512Z] ----------------------------------------------------------------------
[debug] [2018-09-23T09:46:22.514Z] Command:       C:\Program Files\nodejs\node.exe C:\Users\Umair Javaid\AppData\Roaming\npm\node_modules\firebase-tools\bin\firebase deploy
[debug] [2018-09-23T09:46:22.514Z] CLI Version:   4.2.1
[debug] [2018-09-23T09:46:22.514Z] Platform:      win32
[debug] [2018-09-23T09:46:22.514Z] Node Version:  v8.11.1
[debug] [2018-09-23T09:46:22.515Z] Time:          Sun Sep 23 2018 14:46:22 GMT+0500 (Pakistan Standard Time)
[debug] [2018-09-23T09:46:22.515Z] ----------------------------------------------------------------------
[debug] 
[debug] [2018-09-23T09:46:22.525Z] > command requires scopes: ["email","openid","https://www.googleapis.com/auth/cloudplatformprojects.readonly","https://www.googleapis.com/auth/firebase","https://www.googleapis.com/auth/cloud-platform"]
[debug] [2018-09-23T09:46:22.526Z] > authorizing via signed-in user
[debug] [2018-09-23T09:46:22.528Z] > refreshing access token with scopes: ["email","https://www.googleapis.com/auth/cloud-platform","https://www.googleapis.com/auth/cloudplatformprojects.readonly","https://www.googleapis.com/auth/firebase","openid"]
[debug] [2018-09-23T09:46:22.529Z] >>> HTTP REQUEST POST https://www.googleapis.com/oauth2/v3/token  

[debug] [2018-09-23T09:46:23.796Z] <<< HTTP RESPONSE 200
[debug] [2018-09-23T09:46:23.925Z] >>> HTTP REQUEST GET https://admin.firebase.com/v1/projects/todo-app-1201  
 
[debug] [2018-09-23T09:46:26.192Z] <<< HTTP RESPONSE 200
[info] 
[info] === Deploying to 'todo-app-1201'...
[info] 
[info] i  deploying database, hosting
[info] i  database: checking rules syntax...
[debug] [2018-09-23T09:46:26.210Z] >>> HTTP REQUEST PUT https://todo-app-1201.firebaseio.com/.settings/rules.json?dryRun=true  
 {
  /* Visit https://firebase.google.com/docs/database/security to learn more about security rules. */
  "rules": {
    ".read": false,
    ".write": false
  }
}
[debug] [2018-09-23T09:46:29.257Z] <<< HTTP RESPONSE 200
[info] +  database: rules syntax for database todo-app-1201 is valid
[debug] [2018-09-23T09:46:29.266Z] >>> HTTP REQUEST POST https://firebasehosting.googleapis.com/v1beta1/sites/todo-app-1201/versions  

[debug] [2018-09-23T09:46:32.193Z] <<< HTTP RESPONSE 200
[info] i  hosting[todo-app-1201]: beginning deploy...
[info] i  hosting[todo-app-1201]: found 11 files in build
[debug] [2018-09-23T09:46:33.357Z] [hosting] hash cache [YnVpbGQ] stored for 11 files
[debug] [2018-09-23T09:46:33.357Z] [hosting][hash queue][FINAL]
[debug] [2018-09-23T09:46:33.357Z] >>> HTTP REQUEST POST https://firebasehosting.googleapis.com/v1beta1/sites/todo-app-1201/versions/d5a408e2cc5cb883:populateFiles  
 <request body omitted>
[debug] [2018-09-23T09:46:36.065Z] <<< HTTP RESPONSE 200
[debug] [2018-09-23T09:46:36.086Z] [hosting][populate queue][FINAL]
[debug] [2018-09-23T09:46:36.087Z] [hosting] uploads queued: 7
